<?xml version="1.0" encoding="UTF-8"?>
<!-- Generated by org.testng.reporters.JUnitXMLReporter -->
<testsuite ignored="0" hostname="LTIN462292" failures="0" tests="3" name="Test1" time="14.518" errors="0" timestamp="2025-06-14T22:16:10 IST">
  <testcase classname="Parameterization.ParallelTesting" name="testLogo" time="3.047"/>
  <testcase classname="Parameterization.ParallelTesting" name="testTitle" time="0.038"/>
  <testcase classname="Parameterization.ParallelTesting" name="testURL" time="0.012"/>
</testsuite> <!-- Test1 -->
