<?xml version="1.0" encoding="UTF-8"?>
<!-- Generated by org.testng.reporters.JUnitXMLReporter -->
<testsuite ignored="0" hostname="LTIN462292" failures="1" tests="3" name="Test" time="10.41" errors="0" timestamp="2025-06-16T14:43:25 IST">
  <testcase classname="ListenerTutorial.TestCaseClass" name="testLogo" time="3.055"/>
  <testcase classname="ListenerTutorial.TestCaseClass" name="testAppUrl" time="0.017">
    <failure type="java.lang.AssertionError" message="expected [true] but found [https://opensource-demo.orangehrmlive.com/web/index.php/auth/login]">
      <![CDATA[java.lang.AssertionError: expected [true] but found [https://opensource-demo.orangehrmlive.com/web/index.php/auth/login]
at ListenerTutorial.TestCaseClass.testAppUrl(TestCaseClass.java:35)
at java.base/java.util.ArrayList.forEach(ArrayList.java:1596)
... Removed 30 stack frames]]>
    </failure>
  </testcase> <!-- testAppUrl -->
  <testcase classname="ListenerTutorial.TestCaseClass" name="testHomePageTitle" time="0.001">
    <skipped/>
  </testcase> <!-- testHomePageTitle -->
</testsuite> <!-- Test -->
