<?xml version="1.0" encoding="UTF-8"?>
<testng-results ignored="0" total="2" passed="2" failed="0" skipped="0">
  <reporter-output>
  </reporter-output>
  <suite started-at="2025-06-23T11:49:22 IST" name="Default suite" finished-at="2025-06-23T11:49:37 IST" duration-ms="15632">
    <groups>
    </groups>
    <test started-at="2025-06-23T11:49:22 IST" name="Default test" finished-at="2025-06-23T11:49:37 IST" duration-ms="15632">
      <class name="Main.MainClass">
        <test-method is-config="true" signature="setUp()[pri:0, instance:Main.MainClass@1ce24091]" started-at="2025-06-23T11:49:22 IST" name="setUp" finished-at="2025-06-23T11:49:33 IST" duration-ms="10968" status="PASS">
          <reporter-output>
          </reporter-output>
        </test-method> <!-- setUp -->
        <test-method signature="searchMobilePhone(java.lang.String)[pri:0, instance:Main.MainClass@1ce24091]" started-at="2025-06-23T11:49:33 IST" name="searchMobilePhone" data-provider="dp" finished-at="2025-06-23T11:49:36 IST" duration-ms="2864" status="PASS">
          <params>
            <param index="0">
              <value>
                <![CDATA[iPhones under 90000]]>
              </value>
            </param>
          </params>
          <reporter-output>
          </reporter-output>
        </test-method> <!-- searchMobilePhone -->
        <test-method signature="sortByNewestArrival()[pri:1, instance:Main.MainClass@1ce24091]" started-at="2025-06-23T11:49:36 IST" name="sortByNewestArrival" finished-at="2025-06-23T11:49:36 IST" depends-on-methods="Main.MainClass.searchMobilePhone" duration-ms="782" status="PASS">
          <reporter-output>
          </reporter-output>
        </test-method> <!-- sortByNewestArrival -->
        <test-method is-config="true" signature="tearDown()[pri:0, instance:Main.MainClass@1ce24091]" started-at="2025-06-23T11:49:36 IST" name="tearDown" finished-at="2025-06-23T11:49:37 IST" duration-ms="951" status="PASS">
          <reporter-output>
          </reporter-output>
        </test-method> <!-- tearDown -->
      </class> <!-- Main.MainClass -->
    </test> <!-- Default test -->
  </suite> <!-- Default suite -->
</testng-results>
