<?xml version="1.0" encoding="UTF-8"?>
<!-- Generated by org.testng.reporters.JUnitXMLReporter -->
<testsuite ignored="0" hostname="LTIN462292" failures="0" tests="7" name="myTest" time="13.71" errors="0" timestamp="2025-06-14T14:12:51 IST">
  <testcase classname="Practice01.Practice02Test" name="open" time="7.38"/>
  <testcase classname="Practice01.Practice02Test" name="checkLogo" time="3.049"/>
  <testcase classname="Practice01.Practice02Test" name="testLogin" time="0.916"/>
  <testcase classname="Practice01.Practice02Test" name="testClose" time="2.306"/>
  <testcase classname="Practice01.Practice01Test" name="openApp" time="0.001"/>
  <testcase classname="Practice01.Practice01Test" name="login" time="0.001"/>
  <testcase classname="Practice01.Practice01Test" name="logout" time="0.001"/>
</testsuite> <!-- myTest -->
