<?xml version="1.0" encoding="UTF-8"?>
<testng-results ignored="0" total="1" passed="1" failed="0" skipped="0">
  <reporter-output>
  </reporter-output>
  <suite started-at="2025-06-16T11:00:37 IST" name="Suite" finished-at="2025-06-16T11:00:46 IST" duration-ms="8454">
    <groups>
    </groups>
    <test started-at="2025-06-16T11:00:37 IST" name="Test" finished-at="2025-06-16T11:00:46 IST" duration-ms="8454">
      <class name="Main.LoginTest">
        <test-method is-config="true" signature="setUp()[pri:0, instance:Main.LoginTest@6f03482]" started-at="2025-06-16T11:00:37 IST" name="setUp" finished-at="2025-06-16T11:00:45 IST" duration-ms="7510" status="PASS">
          <reporter-output>
          </reporter-output>
        </test-method> <!-- setUp -->
        <test-method signature="testLogin()[pri:0, instance:Main.LoginTest@6f03482]" started-at="2025-06-16T11:00:45 IST" name="testLogin" finished-at="2025-06-16T11:00:46 IST" duration-ms="734" status="PASS">
          <reporter-output>
          </reporter-output>
        </test-method> <!-- testLogin -->
        <test-method is-config="true" signature="tearDown()[pri:0, instance:Main.LoginTest@6f03482]" started-at="2025-06-16T11:00:46 IST" name="tearDown" finished-at="2025-06-16T11:00:46 IST" duration-ms="164" status="PASS">
          <reporter-output>
          </reporter-output>
        </test-method> <!-- tearDown -->
      </class> <!-- Main.LoginTest -->
    </test> <!-- Test -->
  </suite> <!-- Suite -->
</testng-results>
